const EVENT_DESCRIPTOR SiPolicyPerformance
const EVENT_DESCRIPTOR CiReloadCatalogsStart
const EVENT_DESCRIPTOR CiPolicySigner
const EVENT_DESCRIPTOR CiDynamicCodeTrustFailed
const EVENT_DESCRIPTOR CiPolicyFailure
const EVENT_DESCRIPTOR CiHvciFailure
const EVENT_DESCRIPTOR WhqlEnforcementEnabled
const EVENT_DESCRIPTOR CiPolicyRefreshAttempted
const EVENT_DESCRIPTOR SmartlockerVerbose
const EVENT_DESCRIPTOR CiPolicyRefreshFinished
const EVENT_DESCRIPTOR CiSetFileCacheComplete
const EVENT_DESCRIPTOR CiImageFileHashNotFound
const EVENT_DESCRIPTOR CiPolicyRefreshStarted
const EVENT_DESCRIPTOR SiPolicyFailure
const EVENT_DESCRIPTOR CiGetFileCacheComplete
const EVENT_DESCRIPTOR CiImageSdlRequirementNotMet
const EVENT_DESCRIPTOR CiAllowExpiredAndRevokedCertWithUMCI
const EVENT_DESCRIPTOR CiSignatureInformationEvent
const EVENT_DESCRIPTOR CiPolicyRefreshIgnored
const EVENT_DESCRIPTOR CiPolicyFailureAudit
const EVENT_DESCRIPTOR PEAUTH_BEGIN_INITIALIZATION
const EVENT_DESCRIPTOR PEAUTH_END_INITIALIZATION
const EVENT_DESCRIPTOR PEAUTH_USER_MODE_COMPONENT_LOAD_FAIL
const EVENT_DESCRIPTOR PEAUTH_END_COMPONENT_LOAD
const EVENT_DESCRIPTOR PEAUTH_BEGIN_COMPONENT_LOAD
