const EVENT_DESCRIPTOR ETW_EVENT_LOST_SYSTEM_EVENT
const EVENT_DESCRIPTOR PPM_ETW_INTERRUPT_STEERING_STATE_RUNDOWN
const EVENT_DESCRIPTOR KMPnPRundownEvt_SleepStudy_ConnectionResource
const EVENT_DESCRIPTOR KMPnPRundownEvt_SleepStudy_ParentPdo
const EVENT_DESCRIPTOR PPM_ETW_INTERRUPT_STEERING_PROC_RUNDOWN
const EVENT_DESCRIPTOR ThreadCpuPriorityChange
const EVENT_DESCRIPTOR KERNEL_MEM_EVENT_CONT_FREE
const EVENT_DESCRIPTOR POP_ETW_EVENT_COMPONENT_LATENCY
const EVENT_DESCRIPTOR PPM_ETW_DELIVERED_PERF_CHANGE
const EVENT_DESCRIPTOR ETW_EVENT_PROVIDER_UNREGISTERS
const EVENT_DESCRIPTOR KERNEL_AUDIT_API_OPENPROCESS
const EVENT_DESCRIPTOR POP_ETW_EVENT_IRP_DRIVERRELEASE
const EVENT_DESCRIPTOR POP_ETW_EVENT_IRP_DRIVERACQUIRE
const EVENT_DESCRIPTOR POP_ETW_EVENT_COMPONENT_CONDITION
const EVENT_DESCRIPTOR POP_ETW_EVENT_STES
const EVENT_DESCRIPTOR POP_ETW_EVENT_ADAPTIVE_SESSION_STATE
const EVENT_DESCRIPTOR POP_ETW_ADPM_SESSION_INPUT_STATE
const EVENT_DESCRIPTOR POP_ETW_EVENT_WIN32_INFO_CALLOUT_START
const EVENT_DESCRIPTOR POP_ETW_EVENT_NOTIFY_CONSOLE_USER_PRESENT
const EVENT_DESCRIPTOR POP_ETW_EVENT_POWER_STATE
const EVENT_DESCRIPTOR POP_ETW_EVENT_POWER_SETTING_CALLBACK_STOP
const EVENT_DESCRIPTOR POP_ETW_EVENT_POWER_SETTING_CALLBACK_START
const EVENT_DESCRIPTOR KERNEL_AUDIT_API_OPENTHREAD
const EVENT_DESCRIPTOR POP_ETW_EVENT_POWER_AGGREGATOR_HANDLE_INTENT
const EVENT_DESCRIPTOR PPM_ETW_RECORDED_UTILITY
const EVENT_DESCRIPTOR POP_ETW_EVENT_DEFAULT_PEP_WORKER_END
const EVENT_DESCRIPTOR POP_ETW_EVENT_KERNEL_STRS
const EVENT_DESCRIPTOR POP_ETW_EVENT_DEFAULT_PEP_WORKER_START
const EVENT_DESCRIPTOR PPM_ETW_PROCESSOR_LATENCY_REEVALUATION_WAKE
const EVENT_DESCRIPTOR PPM_ETW_PERF_CHECK_START
const EVENT_DESCRIPTOR PPM_ETW_MEDIA_BUFFERING_NOTIFY
const EVENT_DESCRIPTOR PPM_ETW_PERF_CHECK_MAKEUP
const EVENT_DESCRIPTOR PPM_ETW_LATENCY_SENSITIVITY_HINT
const EVENT_DESCRIPTOR PPM_ETW_PLATFORM_IDLE_VETO_INCREMENT
const EVENT_DESCRIPTOR PPM_ETW_COMPUTE_ENERGY
const EVENT_DESCRIPTOR PPM_ETW_PROCESSOR_LATENCY_CHANGE
const EVENT_DESCRIPTOR PPM_ETW_PERF_CHECK_STOP
const EVENT_DESCRIPTOR PPM_ETW_PARK_NODE_STATS
const EVENT_DESCRIPTOR POP_ETW_EVENT_COMPONENT_IDLE_STATE
const EVENT_DESCRIPTOR ProcessStart
const EVENT_DESCRIPTOR THREATINT_PROCESS_IMPERSONATION_REVERT
const EVENT_DESCRIPTOR THREATINT_PROCESS_IMPERSONATION_UP
const EVENT_DESCRIPTOR THREATINT_PROCESS_IMPERSONATION_DOWN
const EVENT_DESCRIPTOR ETW_EVENT_PROVIDER_REGISTER
const EVENT_DESCRIPTOR ETW_EVENT_GROUP_JOIN
const EVENT_DESCRIPTOR ETW_EVENT_PROVIDER_DISABLED
const EVENT_DESCRIPTOR ETW_EVENT_DEBUG_LOOKUP_FAILED
const EVENT_DESCRIPTOR ETW_EVENT_PROVIDER_ACCESS_DENIED
const EVENT_DESCRIPTOR ETW_EVENT_CAPTURE_STATE
const EVENT_DESCRIPTOR POP_ETW_EVENT_SETSYSTEMSTATE
const EVENT_DESCRIPTOR KNetEvt_TcpCopyIPV4
const EVENT_DESCRIPTOR POP_ETW_EVENT_REGISTERSYSTEMSTATE
const EVENT_DESCRIPTOR POP_ETW_EVENT_IRPSTART
const EVENT_DESCRIPTOR POP_ETW_EVENT_DEVICE_POWER_REQUIREMENT_FROM_PEP
const EVENT_DESCRIPTOR POP_ETW_EVENT_IRPFINISH
const EVENT_DESCRIPTOR POP_ETW_EVENT_DEVICE_POWERED
const EVENT_DESCRIPTOR KMPnPEvt_DeviceEnum_Stop
const EVENT_DESCRIPTOR POP_ETW_EVENT_DEVICE_POWER_STATE
const EVENT_DESCRIPTOR KFileEvt_QueryInformation
const EVENT_DESCRIPTOR KFileEvt_NameDelete
const EVENT_DESCRIPTOR KMPnPEvt_DeviceStart_Stop
const EVENT_DESCRIPTOR ETW_EVENT_LOST_EVENT
const EVENT_DESCRIPTOR THREATINT_PROCESS_SYSCALL_USAGE
const EVENT_DESCRIPTOR KERNEL_MEM_EVENT_CONT_ALLOCATION
const EVENT_DESCRIPTOR KERNEL_MEM_EVENT_MDL_ALLOCATION
const EVENT_DESCRIPTOR PfSnEvt_ScenarioDecision_Info
const EVENT_DESCRIPTOR KMPnPEvt_DeviceEnum_Start
const EVENT_DESCRIPTOR KMPnPEvt_DeviceEnum_Pend
const EVENT_DESCRIPTOR KMPnPEvt_DeviceStart_Start
const EVENT_DESCRIPTOR KMPnPEvt_DeviceStart_Pend
const EVENT_DESCRIPTOR POP_ETW_DEEP_SLEEP_SET_CONSTRAINT
const EVENT_DESCRIPTOR POP_ETW_DEEP_SLEEP_CLEAR_CONSTRAINT
const EVENT_DESCRIPTOR POP_ETW_FORCEIDLE_STATE_CHANGE
const EVENT_DESCRIPTOR PPM_ETW_DOMAIN_PERF_STATE_CHANGE
const EVENT_DESCRIPTOR PPM_ETW_EXPECTED_UTILITY
const EVENT_DESCRIPTOR PPM_ETW_IDLE_DURATION_EXPIRATION
const EVENT_DESCRIPTOR MITIGATION_ENFORCE_PROHIBIT_REMOTE_IMAGE_MAP
const EVENT_DESCRIPTOR THREATINT_RESUME_THREAD
const EVENT_DESCRIPTOR ThreadStart
const EVENT_DESCRIPTOR PfSnEvt_OpenVolumes_Stop
const EVENT_DESCRIPTOR PfSnEvt_EndTrace_Info
const EVENT_DESCRIPTOR REG_EVENT_SELFHEAL
const EVENT_DESCRIPTOR ETW_EVENT_LOST_TLG_EVENT
const EVENT_DESCRIPTOR MITIGATION_ENFORCE_PROHIBIT_CHILD_PROCESS_CREATION
const EVENT_DESCRIPTOR THREATINT_DEVICE_OBJECT_UNLOAD
const EVENT_DESCRIPTOR PPM_ETW_HETERO_RESPONSE
const EVENT_DESCRIPTOR MITIGATION_ENFORCE_PROHIBIT_WIN32K_SYSTEM_CALLS
const EVENT_DESCRIPTOR THREATINT_QUEUEUSERAPC_REMOTE
const EVENT_DESCRIPTOR KERNEL_MEM_EVENT_MEMINFO_NODE
const EVENT_DESCRIPTOR KERNEL_MEM_EVENT_MEMINFO
const EVENT_DESCRIPTOR ThreadWorkOnBehalfUpdate
const EVENT_DESCRIPTOR POP_ETW_EVENT_TIME_RESOLUTION_UPDATE
const EVENT_DESCRIPTOR POP_ETW_EVENT_STRS
const EVENT_DESCRIPTOR POP_ETW_EVENT_TIME_RESOLUTION_STACK_RUNDOWN
const EVENT_DESCRIPTOR POP_ETW_EVENT_TIME_RESOLUTION_REQUEST_RUNDOWN
const EVENT_DESCRIPTOR PfSnEvt_PrefetchMetadata_Stop
const EVENT_DESCRIPTOR PfSnEvt_PrefetchSections_Stop
const EVENT_DESCRIPTOR PfSnEvt_GetReadLists_Start
const EVENT_DESCRIPTOR PfSnEvt_PrefetchSections_Start
const EVENT_DESCRIPTOR PfSnEvt_GetReadLists_Stop
const EVENT_DESCRIPTOR KMPnPEvt_DeviceConfig_Start
const EVENT_DESCRIPTOR KMPnPEvt_DeviceConfig_Stop
const EVENT_DESCRIPTOR ETW_EVENT_STOP_TRACE
const EVENT_DESCRIPTOR ETW_EVENT_FLUSH_TRACE
const EVENT_DESCRIPTOR ETW_EVENT_WRITE_FAILED
const EVENT_DESCRIPTOR ETW_EVENT_START_TRACE
const EVENT_DESCRIPTOR ETW_EVENT_BACKING_FILE_FULL
const EVENT_DESCRIPTOR ETW_EVENT_SESSION_END_FAILED
const EVENT_DESCRIPTOR POP_ETW_EVENT_THERMAL_PERFTRACK
const EVENT_DESCRIPTOR PPM_ETW_BIOS_CAP_CHANGE
const EVENT_DESCRIPTOR PPM_ETW_THERMAL_CAP_CHANGE_HV
const EVENT_DESCRIPTOR PPM_ETW_PERF_SELECT_PROCESSOR_STATE
const EVENT_DESCRIPTOR KMPnPEvt_DriverLoad_Start
const EVENT_DESCRIPTOR KMPnPEvt_DriverLoad_Stop
const EVENT_DESCRIPTOR KMPnPEvt_DriverInit_Stop
const EVENT_DESCRIPTOR KMPnPEvt_DriverInit_Start
const EVENT_DESCRIPTOR THREATINT_DRIVER_OBJECT_LOAD
const EVENT_DESCRIPTOR POP_ETW_EVENT_POWER_AGGREGATOR_INTERNAL_STATE_CHANGE
const EVENT_DESCRIPTOR POP_ETW_EVENT_RESUMESERVICES_END
const EVENT_DESCRIPTOR POP_ETW_EVENT_RESUMESERVICES
const EVENT_DESCRIPTOR POP_ETW_EVENT_WIN32_INFO_CALLOUT_END
const EVENT_DESCRIPTOR PPM_ETW_IDLE_ACCOUNTING_RUNDOWN
const EVENT_DESCRIPTOR KERNEL_MEM_EVENT_ACG
const EVENT_DESCRIPTOR THREATINT_WRITEVM_REMOTE
const EVENT_DESCRIPTOR POP_ETW_EVENT_SYSTEM_IDLE_CONTEXT_UPDATE
const EVENT_DESCRIPTOR SLEEPSTUDY_EVT_BLOCKER_CREATED
const EVENT_DESCRIPTOR POP_ETW_EVENT_CHANGE_POWER_REQUEST
const EVENT_DESCRIPTOR POP_ETW_EVENT_SYSTEM_LATENCY_UPDATE
const EVENT_DESCRIPTOR POP_ETW_EVENT_SYSTEM_LATENCY_RUNDOWN
const EVENT_DESCRIPTOR PPM_ETW_HETERO_FAVORED_CORE_ROTATION_CHANGED
const EVENT_DESCRIPTOR PsDiskIoAttributionStop
const EVENT_DESCRIPTOR PsIoRateControlStop
const EVENT_DESCRIPTOR KERNEL_AUDIT_API_CREATESYMBOLICLINKOBJECT
const EVENT_DESCRIPTOR POP_ETW_EVENT_SYSTEM_IDLE_EVENT_ASSESSMENT
const EVENT_DESCRIPTOR POP_ETW_EVENT_SYSTEM_IDLE_ASSESSMENT
const EVENT_DESCRIPTOR POP_ETW_EVENT_SIDLE_UPDATE_NOTIFICATION_WORKER
const EVENT_DESCRIPTOR POP_ETW_EVENT_CONSOLE_DISPLAY_STATE
const EVENT_DESCRIPTOR SLEEPSTUDY_EVT_SCENARIO_BLOCKER_DATA
const EVENT_DESCRIPTOR POP_ETW_ADPM_SESSION_CLOSED
const EVENT_DESCRIPTOR POP_ETW_ADPM_SESSION_CREATED
const EVENT_DESCRIPTOR POP_ETW_ADPM_SESSION_DISCONNECTED
const EVENT_DESCRIPTOR POP_ETW_ADPM_SESSION_DISPLAY_STATE
const EVENT_DESCRIPTOR POP_ETW_ADPM_SESSION_UNLOCKED
const EVENT_DESCRIPTOR POP_ETW_ADPM_SESSION_CONNECTED
const EVENT_DESCRIPTOR POP_ETW_EVENT_POWER_REQUEST_RUNDOWN
const EVENT_DESCRIPTOR POP_ETW_EVENT_CREATE_POWER_REQUEST
const EVENT_DESCRIPTOR PPM_ETW_SOFT_PARKING_SELECTION
const EVENT_DESCRIPTOR PPM_ETW_PARKING_COUNT_SELECTION
const EVENT_DESCRIPTOR EVENT_WHEA_ERROR
const EVENT_DESCRIPTOR THREATINT_SETTHREADCONTEXT_REMOTE
const EVENT_DESCRIPTOR POP_ETW_EVENT_BUILDNOTIFYLIST
const EVENT_DESCRIPTOR POP_ETW_EVENT_BUILDNOTIFYLIST_END
const EVENT_DESCRIPTOR ETW_EVENT_SESSION_START_FAILED
const EVENT_DESCRIPTOR ETW_EVENT_UPDATE_TRACE
const EVENT_DESCRIPTOR ETW_EVENT_CHANGE_SESSION_SD
const EVENT_DESCRIPTOR POP_ETW_EVENT_POWER_SETTING_CHANGE
const EVENT_DESCRIPTOR POP_ETW_EVENT_POWER_AGGREGATOR_PDC_PHASES_EXITED
const EVENT_DESCRIPTOR POP_ETW_EVENT_POWER_AGGREGATOR_WORKER_END
const EVENT_DESCRIPTOR POP_ETW_EVENT_POWER_AGGREGATOR_WORKER_START
const EVENT_DESCRIPTOR POP_ETW_EVENT_POWER_AGGREGATOR_HANDLER_INVOKE
const EVENT_DESCRIPTOR POP_ETW_EVENT_DIRECTED_DRIPS_DISENGAGE_MASK_CHANGED
const EVENT_DESCRIPTOR POP_ETW_EVENT_COOLING_MODE
const EVENT_DESCRIPTOR KMPnPRundownEvt_SleepStudy_InterruptResource
const EVENT_DESCRIPTOR SLEEPSTUDY_EVT_BLOCKER_DELETED
const EVENT_DESCRIPTOR POP_ETW_EVENT_CLOSE_POWER_REQUEST
const EVENT_DESCRIPTOR POP_ETW_EVENT_DEVICE_RUNDOWN
const EVENT_DESCRIPTOR POP_ETW_EVENT_DEVICE_VERBOSE_RUNDOWN
const EVENT_DESCRIPTOR SLEEPSTUDY_EVT_SCENARIO_DEVICE_RUNDOWN
const EVENT_DESCRIPTOR PPM_ETW_PROCESSOR_PROFILE_REGISTERED
const EVENT_DESCRIPTOR PPM_ETW_PROCESSOR_PROFILE_CHANGE
const EVENT_DESCRIPTOR WDI_SEM_EVENT_SCENARIO_START
const EVENT_DESCRIPTOR WDI_SEM_EVENT_SCENARIO_END
const EVENT_DESCRIPTOR WDI_SEM_EVENT_SCENARIO_TIMEOUT
const EVENT_DESCRIPTOR WDI_SEM_EVENT_SQM_INCREMENT_DWORD
const EVENT_DESCRIPTOR PPM_ETW_PROCESSOR_PRE_VETO_ACCOUNTING_RUNDOWN
const EVENT_DESCRIPTOR PPM_ETW_PROCESSOR_IDLE_VETO_RUNDOWN
const EVENT_DESCRIPTOR POP_ETW_EVENT_DEVICESWAKELEVEL_END
const EVENT_DESCRIPTOR POP_ETW_EVENT_DEVICESWAKE
const EVENT_DESCRIPTOR POP_ETW_EVENT_DEVICESSUSPEND_END
const EVENT_DESCRIPTOR PPM_ETW_WPS_HETERO_ACTIVE_WORKLOAD_CLASS
const EVENT_DESCRIPTOR KERNEL_MEM_EVENT_WS_INSWAP_STORE_FAIL
const EVENT_DESCRIPTOR PPM_ETW_PARK_CORE
const EVENT_DESCRIPTOR SLEEPSTUDY_EVT_SCENARIO_BLOCKER_VERBOSE_ACCOUNTING
const EVENT_DESCRIPTOR SLEEPSTUDY_EVT_SCENARIO_BLOCKER_DETAILED
const EVENT_DESCRIPTOR APPCOMPAT_REG_WRP_ACCESS_DENIED
const EVENT_DESCRIPTOR SLEEPSTUDY_EVT_SCENARIO_DEVICE_ACCOUNTING
const EVENT_DESCRIPTOR PPM_ETW_UNPARK_CORE
const EVENT_DESCRIPTOR POP_ETW_EVENT_DEVICE_IDLE_START
const EVENT_DESCRIPTOR POP_ETW_EVENT_DEVICE_IDLE_END
const EVENT_DESCRIPTOR KShimInfoMessage
const EVENT_DESCRIPTOR KERNEL_MEM_EVENT_MEMINFO_WS
const EVENT_DESCRIPTOR SLEEPSTUDY_EVT_BLOCKER_STATE_CHANGE
const EVENT_DESCRIPTOR ETW_EVENT_INVALID_GROUP_MASK
const EVENT_DESCRIPTOR PPM_ETW_PROCESSOR_PROFILE_SETTING_RUNDOWN
const EVENT_DESCRIPTOR PPM_ETW_PROCESSOR_PROFILE_SETTING_CHANGE
const EVENT_DESCRIPTOR POP_ETW_EVENT_SUSPENDAPP
const EVENT_DESCRIPTOR POP_ETW_EVENT_DIRECTED_DRIPS_WORKER
const EVENT_DESCRIPTOR KERNEL_MEM_EVENT_WS_OUTSWAP_START
const EVENT_DESCRIPTOR KMPnPEvt_DriverUnload_Start
const EVENT_DESCRIPTOR KMPnPEvt_DriverUnload_Stop
const EVENT_DESCRIPTOR THREATINT_DRIVER_OBJECT_UNLOAD
const EVENT_DESCRIPTOR POP_ETW_EVENT_PERFTRACK_HYBRID_SHUTDOWN
const EVENT_DESCRIPTOR POP_ETW_EVENT_PERFTRACK_HYBRID_RESUME
const EVENT_DESCRIPTOR POP_ETW_EVENT_COMPONENT_REGISTRATION
const EVENT_DESCRIPTOR POP_ETW_EVENT_DEVICE_REGISTRATION_RUNDOWN
const EVENT_DESCRIPTOR SLEEPSTUDY_EVT_SCENARIO_COMPONENT_ACCOUNTING
const EVENT_DESCRIPTOR THREATINT_FREEZE_PROCESS
const EVENT_DESCRIPTOR PPM_ETW_SOFT_PARKING_RANK_LIST_CHANGED
const EVENT_DESCRIPTOR IoTrace_UserInitiatedIo
const EVENT_DESCRIPTOR BATTERY_EVT_SYSTEM_BATTERY_STATUS_RUNDOWN_V0
const EVENT_DESCRIPTOR SLEEPSTUDY_EVT_SCENARIO_BLOCKER
const EVENT_DESCRIPTOR POP_ETW_EVENT_SUSPENDAPP_END
const EVENT_DESCRIPTOR POP_ETW_EVENT_SUSPENDSERVICE_END
const EVENT_DESCRIPTOR JobStart
const EVENT_DESCRIPTOR EnableProcessTracingCallbacks
const EVENT_DESCRIPTOR POP_ETW_EVENT_ACDC_STATE_CHANGE
const EVENT_DESCRIPTOR POP_ETW_EVENT_DIRECTED_DRIPS_NOTIFY_DEVICES
const EVENT_DESCRIPTOR POP_ETW_EVENT_DRIPS_WAKE_SOURCE_MAPPING
const EVENT_DESCRIPTOR POP_ETW_IDLE_RESILIENCY_START
const EVENT_DESCRIPTOR POP_ETW_IDLE_RESILIENCY_END
const EVENT_DESCRIPTOR PPM_ETW_CURRENT_IDLE_RUNDOWN
const EVENT_DESCRIPTOR ProcessThawEvent
const EVENT_DESCRIPTOR PopSqm_Add_StreamRow
const EVENT_DESCRIPTOR POP_ETW_EVENT_POWER_STATE_RUNDOWN
const EVENT_DESCRIPTOR POP_ETW_EVENT_DEVICE_IDLE_CHECK
const EVENT_DESCRIPTOR KERNEL_AUDIT_API_SETCONTEXTTHREAD
const EVENT_DESCRIPTOR POP_ETW_EVENT_DEVICE_PREPARATION
const EVENT_DESCRIPTOR PPM_ETW_PARK_NODE_RUNDOWN
const EVENT_DESCRIPTOR SLEEPSTUDY_EVT_BLOCKER_STATE_RUNDOWN
const EVENT_DESCRIPTOR SLEEPSTUDY_EVT_COLLECTION_STATE_RUNDOWN
const EVENT_DESCRIPTOR PPM_ETW_PERF_DOMAIN_RUNDOWN
const EVENT_DESCRIPTOR LpacAccessFailureLog
const EVENT_DESCRIPTOR POP_ETW_EVENT_THERMAL_ZONE_RUNDOWN
const EVENT_DESCRIPTOR KMPnPEvt_DriverDatabaseLoad_Stop
const EVENT_DESCRIPTOR KMPnPEvt_DriverDatabaseLoad_Start
const EVENT_DESCRIPTOR KMPnPEvt_DriverDatabaseLoaded_Start
const EVENT_DESCRIPTOR POP_ETW_EVENT_FLUSHVOLUMES_START
const EVENT_DESCRIPTOR POP_ETW_EVENT_FLUSHVOLUMES_STOP
const EVENT_DESCRIPTOR POP_ETW_EVENT_TRANSITIONTIMES
const EVENT_DESCRIPTOR PPM_ETW_VETO_NAME_RUNDOWN
const EVENT_DESCRIPTOR POP_ETW_EVENT_SESSION_DISPLAY_ON
const EVENT_DESCRIPTOR POP_ETW_EVENT_KERNEL_TIME_RESOLUTION_IGNORE
const EVENT_DESCRIPTOR POP_ETW_ADPM_GLOBAL_INPUT_STATE
const EVENT_DESCRIPTOR POP_ETW_EVENT_DEVICESSUSPEND
const EVENT_DESCRIPTOR PPM_ETW_WPS_DYNAMIC_TABLE_CHANGED
const EVENT_DESCRIPTOR PPM_ETW_PLATFORM_IDLE_VETO_RUNDOWN
const EVENT_DESCRIPTOR PPM_ETW_QOS_SUPPORT_CHANGED
const EVENT_DESCRIPTOR IoTrace_ActivityIdTransfer
const EVENT_DESCRIPTOR PPM_ETW_WPS_DYNAMIC_UPDATE
const EVENT_DESCRIPTOR ETW_EVENT_LOST_WPP_EVENT
const EVENT_DESCRIPTOR MITIGATION_ENFORCE_PROHIBIT_NON_MICROSOFT_BINARIES
const EVENT_DESCRIPTOR POP_ETW_EVENT_CS_COMPLIANCE_RUNDOWN
const EVENT_DESCRIPTOR POP_ETW_DEEP_SLEEP_CONSTRAINT_RUNDOWN
const EVENT_DESCRIPTOR POP_ETW_EVENT_SYSTEM_IDLE_RUNDOWN
const EVENT_DESCRIPTOR POP_ETW_EVENT_TIME_RESOLUTION_RUNDOWN
const EVENT_DESCRIPTOR POP_ETW_EVENT_PLUGIN_REGISTRATION
const EVENT_DESCRIPTOR POP_ETW_EVENT_COOLING_EXTENSION_PASSIVE_UPDATE
const EVENT_DESCRIPTOR POP_ETW_EVENT_DYNAMIC_TICK_STATUS_RUNDOWN
const EVENT_DESCRIPTOR SLEEPSTUDY_EVT_COLLECTION_STATE_CHANGE
const EVENT_DESCRIPTOR PPM_ETW_PROCESSOR_PROFILE_STATUS_RUNDOWN
const EVENT_DESCRIPTOR KMPnPEvt_DriverDatabaseUnload_Pend
const EVENT_DESCRIPTOR KMPnPEvt_DriverDatabaseUnload_Start
const EVENT_DESCRIPTOR POP_ETW_EVENT_STANDBY_CONNECTIVITY_RUNDOWN
const EVENT_DESCRIPTOR PPM_ETW_PERF_CHECK_FAILED_START
const EVENT_DESCRIPTOR POP_ETW_EVENT_PLATFORMROLE_RUNDOWN
const EVENT_DESCRIPTOR PPM_ETW_STATIC_POLICY_RUNDOWN
const EVENT_DESCRIPTOR KMPnPEvt_SystemStart_Start
const EVENT_DESCRIPTOR KMPnPEvt_SystemStart_Stop
const EVENT_DESCRIPTOR POP_ETW_EVENT_EXECUTE_POWER_ACTION
const EVENT_DESCRIPTOR HAL_ETW_EVENT_IOMMU_FAULT
const EVENT_DESCRIPTOR POP_ETW_EVENT_THERMAL_REQUEST_PASSIVE_UPDATE
const EVENT_DESCRIPTOR POP_ETW_EVENT_POWER_AGGREGATOR_PDC_SLEEP_TRANSITION
const EVENT_DESCRIPTOR PPM_ETW_ACCOUNTING_BUCKET_INTERVALS_RUNDOWN
const EVENT_DESCRIPTOR PPM_ETW_LPI_RUNDOWN
const EVENT_DESCRIPTOR POP_ETW_EVENT_CRITICAL_TRIP_POINT_SYSTEM
const EVENT_DESCRIPTOR POP_ETW_EVENT_CRITICAL_TRIP_POINT_DIAGNOSTIC
const EVENT_DESCRIPTOR POP_ETW_EVENT_POWERTRANSITION_START
const EVENT_DESCRIPTOR POP_ETW_EVENT_BASIC_BRIGHTNESS_ENGINE_OFF
const EVENT_DESCRIPTOR POP_ETW_EVENT_POWER_AGGREGATOR_SUSPEND_RESUME
const EVENT_DESCRIPTOR PPM_ETW_PLATFORM_IDLE_ACCOUNTING_RUNDOWN
const EVENT_DESCRIPTOR PPM_ETW_PROCESSOR_PROFILE_DISABLED
const EVENT_DESCRIPTOR PPM_ETW_DRIPS_ACCOUNTING_SNAPSHOT
const EVENT_DESCRIPTOR POP_ETW_EVENT_CS_CONSUMPTION_PERFTRACK
const EVENT_DESCRIPTOR POP_ETW_EVENT_NTINITIATEPOWERACTION_API_CALL
const EVENT_DESCRIPTOR POP_ETW_IO_COALESCING_OFF
const EVENT_DESCRIPTOR KMPnPEvt_BootInit_Stop
const EVENT_DESCRIPTOR KMPnPEvt_BootInit_Start
const EVENT_DESCRIPTOR PPM_ETW_WPS_ORDER_VALUE_TABLE_RUNDOWN
const EVENT_DESCRIPTOR POP_ETW_EVENT_SUPERFETCH_STOP
const EVENT_DESCRIPTOR POP_ETW_EVENT_SUPERFETCH_START
const EVENT_DESCRIPTOR POP_ETW_EVENT_FLUSHSLEEPSTUDYLOGGER_STOP
const EVENT_DESCRIPTOR PPM_ETW_WPS_DYNAMIC_UPDATE_REASON_MAP_RUNDOWN
const EVENT_DESCRIPTOR PPM_ETW_PERF_QOS_CLASS_POLICY_V2
const EVENT_DESCRIPTOR PPM_ETW_PERF_QOS_CLASS_PERF_SELECTION
const EVENT_DESCRIPTOR POP_ETW_EVENT_PRESLEEP_CALLBACKS_START
const EVENT_DESCRIPTOR POP_ETW_EVENT_PRESLEEP_CALLBACKS_STOP
const EVENT_DESCRIPTOR PPM_ETW_HETEROGENEOUS_POLICIES_CHANGED
const EVENT_DESCRIPTOR KERNEL_AUDIT_API_TERMINATEPROCESS
const EVENT_DESCRIPTOR POP_ETW_EVENT_PREPARESLEEP_END
const EVENT_DESCRIPTOR POP_ETW_EVENT_FLUSHSLEEPSTUDYLOGGER_START
const EVENT_DESCRIPTOR POP_ETW_EVENT_PREPARESLEEP
const EVENT_DESCRIPTOR POP_ETW_ADPM_POLICY_CHANGE
const EVENT_DESCRIPTOR PPM_ETW_RESTRICTION_UPDATE
const EVENT_DESCRIPTOR PPM_ETW_HETERO_PARKING_SELECTION_COUNT
const EVENT_DESCRIPTOR POP_ETW_EVENT_IRPPENDED
const EVENT_DESCRIPTOR PPM_ETW_PROCESSOR_IDLE_VETO_INCREMENT
const EVENT_DESCRIPTOR POP_ETW_EVENT_CS_DRIPS_DIVERGENCE
const EVENT_DESCRIPTOR KseDsEventStopDevice
const EVENT_DESCRIPTOR POP_ETW_EVENT_DEFAULT_PEP_WORKER_DEVICE_ORPHANED
const EVENT_DESCRIPTOR WDI_SEM_EVENT_INIT_PROVIDER_MAX
const EVENT_DESCRIPTOR HAL_ETW_EVENT_IOMMU_FAULT_INIT
const EVENT_DESCRIPTOR POP_ETW_EVENT_THERMAL_ZONE_ENUMERATED
const EVENT_DESCRIPTOR POP_ETW_EVENT_ZEROPAGEFILE_STOP
const EVENT_DESCRIPTOR POP_ETW_EVENT_FLUSHALLPAGES
const EVENT_DESCRIPTOR POP_ETW_EVENT_COMPONENT_PERFORMANCE_STATE_PROCESSING
const EVENT_DESCRIPTOR POP_ETW_EVENT_WAITFORPROCESSES_STOP
const EVENT_DESCRIPTOR POP_ETW_EVENT_COMPONENT_RESIDENCY
const EVENT_DESCRIPTOR KseDsEventAddDevice
const EVENT_DESCRIPTOR PPM_ETW_FORCE_PARK_STATE_CHANGE
const EVENT_DESCRIPTOR PPM_ETW_COREPARKING_SELECTION
const EVENT_DESCRIPTOR CPU_STARVATION_EVENT_CUMULATIVE_DPC_SOFT_TIMEOUT
const EVENT_DESCRIPTOR POP_ETW_EVENT_DIRECTED_POWER_TRANSITION_START
const EVENT_DESCRIPTOR POP_ETW_EVENT_HIBER_STATS
const EVENT_DESCRIPTOR POP_ETW_EVENT_ABNORMAL_RESET
const EVENT_DESCRIPTOR VsmPerformanceData
const EVENT_DESCRIPTOR KseDsEventPoolFree
const EVENT_DESCRIPTOR BOOT_ENVIRONMENT_VSM_POLICY_ENABLEMENT_FAILURE
const EVENT_DESCRIPTOR PPM_ETW_WPS_CONTAINMENT_POLICY_CHANGE_V0
const EVENT_DESCRIPTOR HAL_ETW_EVENT_TAD_SET_FAILURE
const EVENT_DESCRIPTOR POP_ETW_IO_COALESCING_ON
const EVENT_DESCRIPTOR POP_ETW_EVENT_ZEROPAGEFILE_START
const EVENT_DESCRIPTOR BOOT_FW_BOOT_PERF_DATA
const EVENT_DESCRIPTOR POP_ETW_EVENT_POWERTRANSITION_END
const EVENT_DESCRIPTOR HAL_ETW_EVENT_PLATFORM_CLOCK_TIMER
const EVENT_DESCRIPTOR POP_ETW_EVENT_DIRTY_TRANSITION
const EVENT_DESCRIPTOR MITIGATION_ENFORCE_BLOCK_NON_CET_BINARIES
const EVENT_DESCRIPTOR PPM_ETW_PARK_NODE_CAP_CHANGE
const EVENT_DESCRIPTOR POP_ETW_EVENT_DIRECTED_POWER_TRANSITION_END
const EVENT_DESCRIPTOR POP_ETW_EVENT_ZEROHIBERFILE_STOP
const EVENT_DESCRIPTOR DUMP_EVENT_CRASHDUMP_DISABLED_ON_BOOT_BY_POLICY
const EVENT_DESCRIPTOR POP_ETW_EVENT_DIRECTED_DRIPS_ENGAGED
const EVENT_DESCRIPTOR PPM_ETW_MULTI_CLASS_HETERO_RESPONSE
const EVENT_DESCRIPTOR ETW_EVENT_INVALID_MEMORY_PARTITION
const EVENT_DESCRIPTOR PPM_ETW_WPS_CONTAINMENT_POLICY_CHANGE
const EVENT_DESCRIPTOR PPM_ETW_CURRENT_PERF_RUNDOWN_HV
const EVENT_DESCRIPTOR KernelSystemTimeChange
const EVENT_DESCRIPTOR CPU_STARVATION_EVENT_SINGLE_DPC_SOFT_TIMEOUT
const EVENT_DESCRIPTOR POP_ETW_EVENT_MTRR_CHANGED
const EVENT_DESCRIPTOR MITIGATION_ENFORCE_PROHIBIT_DYNAMIC_CODE
const EVENT_DESCRIPTOR ETW_EVENT_TRACING_PROVIDER_DISABLING
const EVENT_DESCRIPTOR POP_ETW_EVENT_COMPONENT_IDLE_CONSTRAINTS
const EVENT_DESCRIPTOR POP_ETW_EVENT_DRIVERVETO
const EVENT_DESCRIPTOR POP_ETW_EVENT_HIBERNATE_STATUS
const EVENT_DESCRIPTOR POP_ETW_EVENT_DEBUGGER_TRANSITION_REQUIREMENTS
const EVENT_DESCRIPTOR POP_ETW_EVENT_ACDC_STATE_RUNDOWN
const EVENT_DESCRIPTOR KseDsEventDataIrp
const EVENT_DESCRIPTOR PPM_ETW_WPS_CONTAINMENT_HW_UPDATE
const EVENT_DESCRIPTOR WDI_SEM_EVENT_INIT_SCENARIO_END_EVENT_MAX
const EVENT_DESCRIPTOR KernelTimeZoneInformationRefresh
const EVENT_DESCRIPTOR KseDsEventPnpIrp
const EVENT_DESCRIPTOR CPU_STARVATION_EVENT_DPC_PROFILING_STACK_BEGIN
const EVENT_DESCRIPTOR HAL_ETW_EVENT_NO_QPC_BYPASS
const EVENT_DESCRIPTOR POP_ETW_IO_COALESCING_FLUSH
const EVENT_DESCRIPTOR PPM_ETW_PLATFORM_PRE_VETO_ACCOUNTING_RUNDOWN
const EVENT_DESCRIPTOR HAL_ETW_EVENT_TIMER_SYNCH_SUMMARY
const EVENT_DESCRIPTOR POP_ETW_EVENT_POWER_AGGREGATOR_DOZE_TIMER_DISARMED
const EVENT_DESCRIPTOR POP_ETW_EVENT_DIRECTED_DRIPS_INITIALIZATION
const EVENT_DESCRIPTOR KseDsEventRequestPowerIrp
const EVENT_DESCRIPTOR ETW_EVENT_REG_ENTRY_INFO
const EVENT_DESCRIPTOR POP_ETW_EVENT_KERNEL_QUERY_ALLOWED
const EVENT_DESCRIPTOR ETW_EVENT_NOT_ENOUGH_SYSTEM_LOGGER_SLOTS
const EVENT_DESCRIPTOR HAL_ETW_EVENT_TIMER_SYNCH_FAILED
const EVENT_DESCRIPTOR PPM_ETW_MULTI_CORE_HETERO_SET_UPDATE
const EVENT_DESCRIPTOR POP_ETW_EVENT_THERMAL_EVENT
const EVENT_DESCRIPTOR POP_ETW_EVENT_IOSHUTDOWN_FILE_SYSTEMS_STOP
const EVENT_DESCRIPTOR POP_ETW_EVENT_SUSPENDSERVICES
const EVENT_DESCRIPTOR POP_ETW_EVENT_PRESLEEP_NOTIFICATION3
const EVENT_DESCRIPTOR POP_ETW_EVENT_CS_FAN_PERFTRACK
const EVENT_DESCRIPTOR PPM_ETW_PLATFORM_PARKING_PREFERENCE
const EVENT_DESCRIPTOR WDI_SEM_EVENT_SCENARIO_INFLIGHT_MAX
const EVENT_DESCRIPTOR PPM_ETW_PROCESSOR_PERF_STATE_CHANGE_HV_V0
const EVENT_DESCRIPTOR WDI_SEM_EVENT_INIT_SCENARIO_CONTEXT_PROVIDER_MAX
const EVENT_DESCRIPTOR KernelSystemStart
const EVENT_DESCRIPTOR PPM_ETW_CURRENT_PERF_RUNDOWN
const EVENT_DESCRIPTOR POP_ETW_EVENT_DEVICE_IDLE_CONSTRAINTS
const EVENT_DESCRIPTOR POP_ETW_EVENT_IOSHUTDOWNSYSTEM_START
const EVENT_DESCRIPTOR POP_ETW_EVENT_CS_EXIT_REASON
const EVENT_DESCRIPTOR POP_ETW_EVENT_PERFTRACK_HIBERNATE
const EVENT_DESCRIPTOR ServerSiloTerminateCallbackStop
const EVENT_DESCRIPTOR POP_ETW_EVENT_GRACEFULSHUTDOWN_START
const EVENT_DESCRIPTOR POP_ETW_EVENT_DIRECTED_DRIPS_PROBLEM_DEVICE
const EVENT_DESCRIPTOR SmEventSQMStreamRow
const EVENT_DESCRIPTOR POP_ETW_EVENT_COMPONENT_PERFORMANCE_STATE_NOMINAL_CHANGE
const EVENT_DESCRIPTOR PPM_ETW_PARK_NODE_CLASS_STATS
const EVENT_DESCRIPTOR POP_ETW_EVENT_POSTSLEEP_NOTIFICATION
const EVENT_DESCRIPTOR DUMP_EVENT_CRASHDUMP_RECONFIGURED
const EVENT_DESCRIPTOR POP_ETW_EVENT_POWER_LIMIT_REQUEST_UPDATE
const EVENT_DESCRIPTOR POP_ETW_EVENT_SYSTEM_INITIATED_REBOOT_PREPARE
const EVENT_DESCRIPTOR KERNEL_AUDIT_API_IOREGISTERLASTCHANCESHUTDOWNNOTIFICATION
const EVENT_DESCRIPTOR POP_ETW_EVENT_THERMAL_REQUEST_ACTIVE_UPDATE
const EVENT_DESCRIPTOR ProcessInPrivateSet
const EVENT_DESCRIPTOR POP_ETW_EVENT_CS_ENTER_REASON
const EVENT_DESCRIPTOR PPM_ETW_HETERO_DISTRIBUTE_UTILITY
const EVENT_DESCRIPTOR IoTrace_KernelIo_AllocateIrp
const EVENT_DESCRIPTOR KseSkipDriverUnloadEventDriverUnload
const EVENT_DESCRIPTOR KseDsEventPoolAllocate
const EVENT_DESCRIPTOR KernelSystemStop
const EVENT_DESCRIPTOR POP_ETW_EVENT_SYSTEM_IDLE_S0_LOW_POWER_DOZE_TIMER_ARMED
const EVENT_DESCRIPTOR POP_ETW_EVENT_SET_HIBER_FILE_FAILURE
const EVENT_DESCRIPTOR POP_ETW_EVENT_DEVICE_UNREGISTRATION
const EVENT_DESCRIPTOR POP_ETW_EVENT_CS_COMPLIANCE_UPDATE
const EVENT_DESCRIPTOR KseDsEventDriverLoad
const EVENT_DESCRIPTOR KseDsEventStartDevice
const EVENT_DESCRIPTOR POP_ETW_EVENT_AWAYMODE
const EVENT_DESCRIPTOR PPM_ETW_WPS_DYNAMIC_UPDATE_REASON
const EVENT_DESCRIPTOR WDI_SEM_EVENT_SCENARIO_END_FAILED
const EVENT_DESCRIPTOR PPM_ETW_MULTI_CLASS_HETERO_RESPONSE_UPDATE
const EVENT_DESCRIPTOR POP_ETW_EVENT_DEFAULT_PEP_WORKER_DEVICE_RECOVERED
const EVENT_DESCRIPTOR DUMP_EVENT_CRASHDUMP_DISABLED
const EVENT_DESCRIPTOR POP_ETW_IO_COALESCING_DSK_IDLE
const EVENT_DESCRIPTOR KERNEL_AUDIT_API_PSSETLOADIMAGENOTIFYROUTINE
const EVENT_DESCRIPTOR ETW_EVENT_ENABLE_INFO
const EVENT_DESCRIPTOR POP_ETW_EVENT_POWER_LIMIT_EXTENSION_UPDATE
const EVENT_DESCRIPTOR POP_ETW_EVENT_COMPONENT_PERFORMANCE_STATE_INITIATING
const EVENT_DESCRIPTOR POP_ETW_EVENT_DIRECTED_DRIPS_ERROR_RECORD
const EVENT_DESCRIPTOR POP_ETW_EVENT_CMSHUTDOWNSYSTEM_START
const EVENT_DESCRIPTOR POP_ETW_EVENT_CS_DEEP_SLEEP_WATCHDOG
const EVENT_DESCRIPTOR DUMP_EVENT_CRASHDUMP_FREE_DUMP_STACK_FAILED
const EVENT_DESCRIPTOR POP_ETW_EVENT_DIRECTED_DRIPS_DEVICE_STATS
const EVENT_DESCRIPTOR PPM_ETW_PARK_NODE_PARK_HINT_CHANGE
const EVENT_DESCRIPTOR POP_ETW_EVENT_DIRECTED_FX_POWER_STATE_FAILURE
const EVENT_DESCRIPTOR POP_ETW_EVENT_WAITFORPROCESSES_START
const EVENT_DESCRIPTOR POP_ETW_DEEP_SLEEP_IR_TIMER_DATA
const EVENT_DESCRIPTOR MITIGATION_ENFORCE_PROHIBIT_LOWIL_IMAGE_MAP
const EVENT_DESCRIPTOR POP_ETW_EVENT_RESUMEAPPS_END
const EVENT_DESCRIPTOR KseDsEventDevicePowerIrp
const EVENT_DESCRIPTOR POP_ETW_EVENT_SYSTEM_IDLE_S0_LOW_POWER_DOZE_TIMER_CANCELLED
const EVENT_DESCRIPTOR POP_ETW_EVENT_CS_DRIPS_WATCHDOG
const EVENT_DESCRIPTOR DUMP_EVENT_CRASHDUMP_INITIALIZE_FAILED
const EVENT_DESCRIPTOR POP_ETW_EVENT_RESUMEAPPS
const EVENT_DESCRIPTOR BootPerformanceData
const EVENT_DESCRIPTOR BootEventsLost
const EVENT_DESCRIPTOR WDI_SEM_EVENT_SQM_ADD_TO_STREAM
const EVENT_DESCRIPTOR POP_ETW_EVENT_ILLEGAL_PROCESSOR_THROTTLE_DIAGNOSTIC
const EVENT_DESCRIPTOR PPM_ETW_WPS_CONTAINMENT_UNPARK_COUNT
const EVENT_DESCRIPTOR REG_EVENT_TXR_INIT
const EVENT_DESCRIPTOR POP_ETW_EVENT_BACKGROUND_ACTIVITY_POLICY_UPDATE
const EVENT_DESCRIPTOR SmEventCacheTermination
const EVENT_DESCRIPTOR POP_ETW_SYSTEM_SESSION_SWITCH
const EVENT_DESCRIPTOR AccessCheckLog
const EVENT_DESCRIPTOR KernelBootSystemTime
const EVENT_DESCRIPTOR POP_ETW_EVENT_BATTERY_COUNT_CHANGE
const EVENT_DESCRIPTOR ETW_EVENT_START_TRACE_ACCESS_DENIED
const EVENT_DESCRIPTOR MITIGATION_AUDIT_CONTROL_PROTECTION_KERNEL_MODE_RETURN_MISMATCH
const EVENT_DESCRIPTOR HAL_ETW_EVENT_TAD_QUERY_FAILURE
const EVENT_DESCRIPTOR POP_ETW_EVENT_THERMAL_STANDBY_NOTIFICATION
const EVENT_DESCRIPTOR CPU_PARTITION_EVENT_GENERIC_DPC_VIOLATION
const EVENT_DESCRIPTOR PPM_ETW_HIDDEN_PROCESSOR_THERMAL_CAP_CHANGE
const EVENT_DESCRIPTOR CPU_STARVATION_EVENT_DPC_PROFILING_STACK
const EVENT_DESCRIPTOR REG_EVENT_REORGANIZE
const EVENT_DESCRIPTOR KseSkipDriverUnloadEventDriverLoad
const EVENT_DESCRIPTOR PPM_ETW_PROCESSOR_PERF_STATE_CHANGE
const EVENT_DESCRIPTOR PPM_ETW_HIDDEN_PROCESSOR_BIOS_CAP_CHANGE
const EVENT_DESCRIPTOR POP_ETW_EVENT_S3FWSTATS_SUSPEND
const EVENT_DESCRIPTOR KernelLeapSecondDataParseFailure
const EVENT_DESCRIPTOR WDI_SEM_EVENT_INIT_MISCONFIG
const EVENT_DESCRIPTOR DUMP_EVENT_CRASHDUMP_POLICY_VALUE_CHANGED
const EVENT_DESCRIPTOR PPM_ETW_SOFT_PARK_STATE_CHANGE
const EVENT_DESCRIPTOR MITIGATION_ENFORCE_USER_CET_SET_CONTEXT_IP_VALIDATION_FAILURE
const EVENT_DESCRIPTOR KernelLeapSecondDataUpdate
const EVENT_DESCRIPTOR LIVEDUMP_EVENT_GENERIC
const EVENT_DESCRIPTOR PPM_ETW_LPI_CORE_PARK
const EVENT_DESCRIPTOR POP_TRIGGER_ETW_AOAC_CAPABILITY
const EVENT_DESCRIPTOR KernelLicensingCacheCorrupt
const EVENT_DESCRIPTOR SmEventStoreIoStats
const EVENT_DESCRIPTOR HAL_ETW_EVENT_TIMER_PROC_SYNCH_REPORT
const EVENT_DESCRIPTOR POP_ETW_EVENT_ENERGY_SAVER_STATE_V2
const EVENT_DESCRIPTOR POP_ETW_EVENT_POWER_AGGREGATOR_DOZE_TIMER_ARMED
const EVENT_DESCRIPTOR ETW_EVENT_SAVE_PERSISTED_LOGGER_START
const EVENT_DESCRIPTOR POP_ETW_EVENT_RTC_WAKE_INFO
const EVENT_DESCRIPTOR KitFeatureIdUsedEvent
const EVENT_DESCRIPTOR POP_ETW_EVENT_STANDBY_CONNECTIVITY_UPDATE
const EVENT_DESCRIPTOR ETW_EVENT_MAX_FILE_SIZE_REACHED
const EVENT_DESCRIPTOR PPM_ETW_ENERGY_ESTIMATION_FREQ_RUNDOWN
const EVENT_DESCRIPTOR PPM_ETW_HIDDEN_PROCESSOR_CURRENT_PERF_RUNDOWN
const EVENT_DESCRIPTOR KseShimsApplied
const EVENT_DESCRIPTOR POP_ETW_EVENT_BATTERY_TRIGGER_MET
const EVENT_DESCRIPTOR KERNEL_AUDIT_API_IOREGISTERSHUTDOWNNOTIFICATION
const EVENT_DESCRIPTOR POP_ETW_EVENT_SLEEP_DISABLE_REASON_RUNDOWN
const EVENT_DESCRIPTOR POP_ETW_EVENT_PASSIVE_COOLING_DIAGNOSTIC
const EVENT_DESCRIPTOR SoftBootInfo
const EVENT_DESCRIPTOR POP_ETW_EVENT_IRP_WATCHDOG_TRIGGERED
const EVENT_DESCRIPTOR KERNEL_MEM_EVENT_MEMINFO_HUGE_IOSPACE
const EVENT_DESCRIPTOR ETW_EVENT_GROUP_ENTRY_INFO
const EVENT_DESCRIPTOR POP_ETW_EVENT_NET_REFRESH_TIMER_DISARMED
const EVENT_DESCRIPTOR KseDsEventDriverUnload
const EVENT_DESCRIPTOR POP_ETW_EVENT_CMSHUTDOWNSYSTEM_STOP
const EVENT_DESCRIPTOR DUMP_EVENT_CRASHDUMP_POLICY_OPERATION_FAILURE
const EVENT_DESCRIPTOR PPM_ETW_COORDINATED_IDLE_RUNDOWN
const EVENT_DESCRIPTOR POP_ETW_EVENT_PERFORMANCE_STATE_REGISTRATION_RUNDOWN
const EVENT_DESCRIPTOR POP_ETW_EVENT_SUSPENDSERVICES_END
const EVENT_DESCRIPTOR POP_ETW_EVENT_STATE_TRANSITION_FAILURE
const EVENT_DESCRIPTOR POP_ETW_EVENT_NON_ATTRIBUTED_CPU_REFERENCES
const EVENT_DESCRIPTOR ETW_EVENT_SWITCH_TO_NEW_FILE_FAILED
const EVENT_DESCRIPTOR POP_ETW_EVENT_ACTIVE_COOLING_DIAGNOSTIC
const EVENT_DESCRIPTOR POP_ETW_EVENT_COMPONENT_WAKE
const EVENT_DESCRIPTOR HAL_ETW_EVENT_EXPECTED_FALLBACK
const EVENT_DESCRIPTOR PPM_ETW_WPS_CONTAINMENT_GROUP_INFO
const EVENT_DESCRIPTOR POP_ETW_EVENT_DEVICE_START_POWER_MANAGEMENT
const EVENT_DESCRIPTOR POP_ETW_EVENT_ADAPTIVE_OVERRIDE_BOOT_STATE
const EVENT_DESCRIPTOR ETW_EVENT_LARGE_MDL_NOT_SUPPORTED
const EVENT_DESCRIPTOR HAL_ETW_EVENT_TIMER_PROC_DELTA_REPORT
const EVENT_DESCRIPTOR POP_ETW_FORCEIDLE_RESET
const EVENT_DESCRIPTOR POP_ETW_EVENT_SUSPENDAPPS_NOTIFICATION_END
const EVENT_DESCRIPTOR KernelTimeZoneBiasChange
const EVENT_DESCRIPTOR POP_ETW_EVENT_THERMAL_DURATION_PERFTRACK
const EVENT_DESCRIPTOR POP_ETW_EVENT_NET_REFRESH_TIMER_ARMED
const EVENT_DESCRIPTOR ETW_EVENT_GUID_ENTRY_INFO
const EVENT_DESCRIPTOR WDI_SEM_EVENT_SCENARIO_START_FAILED
const EVENT_DESCRIPTOR POP_ETW_EVENT_DEVICESWAKE_END
const EVENT_DESCRIPTOR KseDsEventSystemPowerIrp
const EVENT_DESCRIPTOR POP_ETW_EVENT_IOSHUTDOWNSYSTEM_STOP
const EVENT_DESCRIPTOR POP_ETW_EVENT_DISK_IDLE_CHECK
const EVENT_DESCRIPTOR KseFlagsApplied
const EVENT_DESCRIPTOR POP_ETW_EVENT_DIRECTED_DRIPS_DEVICE_VISIT
const EVENT_DESCRIPTOR KMBootEvt_SystemBoot_Start
const EVENT_DESCRIPTOR POP_ETW_EVENT_SHUTDOWN_ACTION
const EVENT_DESCRIPTOR HAL_ETW_EVENT_WATCHDOG_TRIGGERED
const EVENT_DESCRIPTOR POP_ETW_EVENT_GRACEFULSHUTDOWN_STOP
const EVENT_DESCRIPTOR POP_ETW_EVENT_SUSPENDAPPS
const EVENT_DESCRIPTOR IoTrace_KernelIo_ReuseIrp
const EVENT_DESCRIPTOR POP_ETW_EVENT_COMPONENT_PERFORMANCE_STATE_COMPLETED
const EVENT_DESCRIPTOR CPU_PARTITION_EVENT_DPC_SCHEDULING_VIOLATION
const EVENT_DESCRIPTOR POP_ETW_EVENT_ILLEGAL_PROCESSOR_THROTTLE_OPERATIONAL
const EVENT_DESCRIPTOR PPM_ETW_PROCESSOR_CLASS_UPDATE
const EVENT_DESCRIPTOR POP_ETW_EVENT_SYSTEM_IDLE_S0_LOW_POWER_DOZE
const EVENT_DESCRIPTOR ETW_EVENT_SET_TRAITS_FAILED
const EVENT_DESCRIPTOR POP_ETW_EVENT_IOSHUTDOWN_FILE_SYSTEMS_START
const EVENT_DESCRIPTOR ETW_EVENT_OUT_OF_LOGGER_SLOTS
const EVENT_DESCRIPTOR KseDsEventStartIo
const EVENT_DESCRIPTOR REG_EVENT_FLUSH_IO_FAIL
const EVENT_DESCRIPTOR POP_ETW_EVENT_PERFORMANCE_STATE_SET_REGISTRATION
const EVENT_DESCRIPTOR POP_ETW_EVENT_SKIP_TICK
const EVENT_DESCRIPTOR DUMP_EVENT_CRASHDUMP_DUMP_STACK_INITIALIZATION_FAILED
const EVENT_DESCRIPTOR WDI_SEM_EVENT_INIT_SCENARIO_MAX
const EVENT_DESCRIPTOR JobServerSiloStateChange
const EVENT_DESCRIPTOR POP_ETW_EVENT_ZEROHIBERFILE_START
const EVENT_DESCRIPTOR MITIGATION_ENFORCE_PROHIBIT_FSCTL_SYSTEM_CALLS
const EVENT_DESCRIPTOR MITIGATION_ENFORCE_CONTROL_PROTECTION_USER_MODE_RETURN_MISMATCH
const EVENT_DESCRIPTOR KernelLicensingCacheCorruptionFixed
const EVENT_DESCRIPTOR DUMP_EVENT_CRASHDUMP_LOAD_DUMP_STACK_FAILED
const EVENT_DESCRIPTOR DUMP_EVENT_FORCE_DUMP_DISABLED
const EVENT_DESCRIPTOR POP_ETW_EVENT_PASSIVE_COOLING_OPERATIONAL
const EVENT_DESCRIPTOR POP_ETW_EVENT_DIRECTED_DRIPS_MARK_DEVICE
const EVENT_DESCRIPTOR POP_ETW_EVENT_POWER_AGGREGATOR_DOZE_TIMER_TRIGGERED
const EVENT_DESCRIPTOR DUMP_EVENT_CRASHDUMP_LOAD_DRIVER_FAILED
const EVENT_DESCRIPTOR POP_ETW_EVENT_DYNAMIC_TICK_DISABLED
const EVENT_DESCRIPTOR POP_ETW_EVENT_FLUSHALLPAGES_END
const EVENT_DESCRIPTOR HAL_ETW_EVENT_FIRMWARE_SLEEP_CORRUPTION
const EVENT_DESCRIPTOR POP_ETW_EVENT_CS_DRIPS_WATCHDOG_PERFTRACK
const EVENT_DESCRIPTOR TokenSidManagementLog
const EVENT_DESCRIPTOR POP_ETW_EVENT_COOLING_EXTENSION_ACTIVE_UPDATE
const EVENT_DESCRIPTOR ETW_EVENT_LACKS_PROFILING_PRIVILEGE
const EVENT_DESCRIPTOR ETW_EVENT_SAVE_PERSISTED_LOGGER_ERROR
const EVENT_DESCRIPTOR KseDsEventDevicePowerCompleted
const EVENT_DESCRIPTOR POP_ETW_EVENT_ACTIVE_COOLING_OPERATIONAL
const EVENT_DESCRIPTOR CVE_AUDIT_DETECT_KM
const EVENT_DESCRIPTOR POP_ETW_EVENT_S3FWSTATS_RESUME
const EVENT_DESCRIPTOR ETW_EVENT_NOT_ENOUGH_LOGGER_SLOTS
const EVENT_DESCRIPTOR ETW_EVENT_CREATE_FILE_FAILED
const EVENT_DESCRIPTOR KseDsEventCreateDevice
const EVENT_DESCRIPTOR HV_EVENTLOG_TSC_SYNC_FAILED
const EVENT_DESCRIPTOR HV_EVENTLOG_GUEST_STATE_SCRUBBING
const EVENT_DESCRIPTOR HV_EVENTLOG_GUEST_STATE_SCRUBBING_INCOMPLETE
const EVENT_DESCRIPTOR HV_EVENTLOG_START_SUCCEEDED
const EVENT_DESCRIPTOR HV_EVENTLOG_PROCESSOR_CPUID_VALIDATION_ERROR
const EVENT_DESCRIPTOR HV_EVENTLOG_IOMMU_INIT_ERROR
const EVENT_DESCRIPTOR HV_EVENTLOG_IOMMU_INIT
const EVENT_DESCRIPTOR HV_EVENTLOG_BAL_HYPERVISOR_INIT_FAILED
const EVENT_DESCRIPTOR HV_EVENTLOG_MDS_MITIGATION_STATUS
const EVENT_DESCRIPTOR HV_EVENTLOG_IOMMU_INIT_POLICY_ENABLE
const EVENT_DESCRIPTOR HV_EVENTLOG_SCHEDULER_TYPE
const EVENT_DESCRIPTOR HV_EVENTLOG_CORE_SCHEDULER_PROCESSOR_CONFIGURATION_WARNING
const EVENT_DESCRIPTOR KMPnPEvt_BootDriverReinit_Start
const EVENT_DESCRIPTOR KMPnPEvt_DriverInitPhase_Stop
const EVENT_DESCRIPTOR KMPnPEvt_EarlyLaunch_StatusNotification_Start
const EVENT_DESCRIPTOR KMPnPEvt_DriverDatabaseUnload_Stop
const EVENT_DESCRIPTOR KMPnPEvt_BootDriverReinit_Stop
const EVENT_DESCRIPTOR KMPnPEvt_BootStart_Stop
const EVENT_DESCRIPTOR PNP_EVT_DP_REPLACE_FAILURE
const EVENT_DESCRIPTOR PNP_EVT_DP_REPLACE_START
const EVENT_DESCRIPTOR KMPnPEvt_SystemStartLegacyEnum_Stop
const EVENT_DESCRIPTOR KMPnPEvt_EarlyLaunch_LoadNotification_Start
const EVENT_DESCRIPTOR KMPnPEvt_EarlyLaunch_StatusNotification_Stop
const EVENT_DESCRIPTOR KMPnPEvt_SystemStartDriverReinit_Stop
const EVENT_DESCRIPTOR KMPnPEvt_SystemStartLegacyEnum_Start
const EVENT_DESCRIPTOR KMPnPEvt_SystemStartPnPEnum_Stop
const EVENT_DESCRIPTOR KMPnPEvt_DriverUnload_Fail
const EVENT_DESCRIPTOR KMPnPEvt_DeviceEject_Stop
const EVENT_DESCRIPTOR KMPnPEvt_DeviceEject_Start
const EVENT_DESCRIPTOR KMPnPEvt_BootStart_Start
const EVENT_DESCRIPTOR KMPnPEvt_EarlyLaunch_PolicyCheck
const EVENT_DESCRIPTOR KMPnPEvt_SystemStartPnPEnum_Start
const EVENT_DESCRIPTOR KMPnPEvt_DriverInitPhase_Start
const EVENT_DESCRIPTOR KMPnPEvt_EarlyLaunch_LoadNotification_Stop
const EVENT_DESCRIPTOR KMPnPEvt_DeviceEject_Pend
const EVENT_DESCRIPTOR KMPnPEvt_Rebalance_Stop
const EVENT_DESCRIPTOR KMPnPEvt_DriverLoad_Fail
const EVENT_DESCRIPTOR KMPnPEvt_OsLoader_Time
const EVENT_DESCRIPTOR KMPnPEvt_SystemStartDriverReinit_Start
const EVENT_DESCRIPTOR KMPnPEvt_Rebalance_Start
const EVENT_DESCRIPTOR KMPnPEvt_DriverDatabaseLoaded_Stop
const EVENT_DESCRIPTOR PNP_EVT_DP_REPLACE_SUCCESS
const EVENT_DESCRIPTOR SLEEPSTUDY_EVT_SCENARIO_STOP_REASON
const EVENT_DESCRIPTOR SLEEPSTUDY_EVT_SCENARIO_SESSION_SWITCH
const EVENT_DESCRIPTOR SLEEPSTUDY_EVT_SCENARIO_DRIPS_WAKE_ACCOUNTING
const EVENT_DESCRIPTOR SLEEPSTUDY_EVT_SCENARIO_START_REASON
const EVENT_DESCRIPTOR SLEEPSTUDY_EVT_SCENARIO_EXIT_REASON
const EVENT_DESCRIPTOR BATTERY_EVT_BATTERY_PERCENT_REMAINING
const EVENT_DESCRIPTOR BATTERY_EVT_SYSTEM_BATTERY_STATUS_RUNDOWN
const EVENT_DESCRIPTOR EVENT_WHEA_INIT_OP
const EVENT_DESCRIPTOR EVENT_WHEA_LOG_ENTRY
const EVENT_DESCRIPTOR EVENT_WHEA_MEMORY_OFFLINE
const EVENT_DESCRIPTOR EVENT_WHEA_PROCESS_TERMINATE
const EVENT_DESCRIPTOR EVENT_WHEA_ERROR_PART
