filename: C:\Windows\System32\drivers\CmBatt.sys
sha256: 7d5aa32370ac2257cce755ee20c9fbb777805b34047edbb6e6d655ffc78c1cf8
datetime: 2025-05-13 14:58:07.234596
ETW Descriptor Number: 16
const EVENT_DESCRIPTOR BATTERY_EVT_PSR_RUNDOWN
const EVENT_DESCRIPTOR BATTERY_EVT_ACPI_NOTIFY
const EVENT_DESCRIPTOR BATTERY_EVT_REC_SUPPORTED_RUNDOWN
const EVENT_DESCRIPTOR BATTERY_EVT_BST_RUNDOWN
const EVENT_DESCRIPTOR BATTERY_EVT_REC_CAPABILITIES_RUNDOWN
const EVENT_DESCRIPTOR BATTERY_EVT_BPT_RUNDOWN
const EVENT_DESCRIPTOR BATTERY_EVT_PIF_RUNDOWN
const EVENT_DESCRIPTOR BATTERY_EVT_BIF_RUNDOWN
const EVENT_DESCRIPTOR BATTERY_EVT_BTP_RUNDOWN
const EVENT_DESCRIPTOR BATTERY_EVT_BPS_RUNDOWN
const EVENT_DESCRIPTOR BATTERY_EVT_BIX_RUNDOWN
const EVENT_DESCRIPTOR BATTERY_EVT_REC_STATUS_RUNDOWN
const EVENT_DESCRIPTOR BATTERY_EVT_CHARGING_WATCHOG_RUNDOWN
const EVENT_DESCRIPTOR BATTERY_EVT_REC_OVERRIDE_RUNDOWN
const EVENT_DESCRIPTOR BATTERY_EVT_ADAPTER_ADD
const EVENT_DESCRIPTOR BATTERY_EVT_REC_WATTAGE_SINGLE_ADAPTER_RUNDOWN
