// os: win11 24h2 26100.4351

nt!SeConstrainedImpersonationCapabilityGroupSid
nt!SeLpacMediaCapabilitySid
nt!SeUserModeDriversSid
nt!SeAppSiloSid
nt!SeProcTrustLiteWinSid
nt!SeAppSiloProfilesRootMinimalCapabilitySid
nt!SeRegistryReadCapabilitySid
nt!SeLowMandatorySid
nt!SeLpacPaymentsCapabilitySid
nt!SeNullSid
nt!SeSessionImpersonationCapabilityGroupSid
nt!SeTrustedInstallerSid
nt!SeAliasAccountOpsSid
nt!SeDefaultAccountAliasSid
nt!SeLpacPrintingCapabilitySid
nt!SeLpacClipboardCapabilitySid
nt!SePackagePrefixSid
nt!SeAliasPowerUsersSid
nt!SeProcTrustNoneSid
nt!SeProcTrustLiteWinTcbSid
nt!SeBatchSid
nt!SeCapabilityPrefixSid
nt!SeCreatorOwnerSid
nt!SeIUserSid
nt!SeLpacWebPlatformCapabilitySid
nt!SeAnonymousLogonSid
nt!SeLpacDeviceAccessCapabilitySid
nt!SeProcTrustWinTcbSid
nt!SeNetworkServiceSid
nt!SeOwnerRightsSid
nt!SeAllRestrictedAppPackagesSid
nt!SeWorldSid
nt!SeLpacEnterprisePolicyChangeNotificationsCapabilitySid
nt!SeCreatorGroupServerSid
nt!SeAliasPrintOpsSid
nt!SeProcTrustAuthenticodeSid
nt!SeHighMandatorySid
nt!SeLocalSid
nt!SeLpacComCapabilitySid
nt!SeRestrictedSid
nt!SeLpacIdentityServicesCapabilitySid
nt!SeLearningModeLoggingCapabilitySid
nt!SeLpacInstrumentationCapabilitySid
nt!SeProcTrustLiteAppSid
nt!SeConstrainedImpersonationCapabilitySid
nt!SeAllAppPackagesSid
nt!SeNtAuthoritySid
nt!SeSessionImpersonationCapabilitySid
nt!SeLpacSessionManagementCapabilitySid
nt!SeProcTrustLiteAntimalwareSid
nt!SeAliasAdminsSid
nt!SeLpacPnpNotificationsCapabilitySid
nt!SeLpacImeCapabilitySid
nt!SeLocalServiceSid
nt!SeAliasGuestsSid
nt!SeLpacCryptoServicesCapabilitySid
nt!SePermissiveLearningModeCapabilitySid
nt!SeAliasBackupOpsSid
nt!SeUntrustedMandatorySid
nt!SeServiceSid
nt!SeCreatorOwnerServerSid
nt!SeInteractiveSid
nt!SeLpacAppExperienceCapabilitySid
nt!SeMediumMandatorySid
nt!SeAliasUsersSid
nt!SePrincipalSelfSid
nt!SeCreatorGroupSid
nt!SeLocalSystemSid
nt!SeAliasSystemOpsSid
nt!SeSystemMandatorySid
nt!SeLpacPackageManagerOperationCapabilitySid
nt!SepDefaultMandatorySid
nt!SeLpacServicesManagementCapabilitySid
nt!SeNetworkSid
nt!SeAuthenticatedUsersSid
nt!SeDialupSid
nt!SeAppSiloVolumeRootMinimalCapabilitySid
